<?xml version="1.0" encoding="utf-8"?><testsuites name="pytest tests"><testsuite name="pytest" errors="0" failures="3" skipped="0" tests="4" time="0.249" timestamp="2026-05-28T14:53:32.923338-06:00" hostname="DESKTOP-4F58DTA"><testcase classname="tests.test_multiplicacion" name="test_multiplicacion" time="0.001" /><testcase classname="tests.test_multiplicacion" name="test_multiplicacion_fail" time="0.002"><failure message="assert 27 == 20&#10; +  where 27 = multiplicacion(9, 3)">def test_multiplicacion_fail():
    
&gt;       assert multiplicacion(9,3)==20
E       assert 27 == 20
E        +  where 27 = multiplicacion(9, 3)

tests\test_multiplicacion.py:15: AssertionError</failure></testcase><testcase classname="tests.test_suma" name="test_suma" time="0.002"><failure message="assert 4 == 3&#10; +  where 4 = suma(1, 3)">def test_suma():
&gt;       assert suma(1,3)==3
E       assert 4 == 3
E        +  where 4 = suma(1, 3)

tests\test_suma.py:7: AssertionError</failure></testcase><testcase classname="tests.test_suma" name="test_suma_fail" time="0.002"><failure message="assert 6 == 3&#10; +  where 6 = suma(1, 5)">def test_suma_fail():
&gt;       assert suma(1,5)==3
E       assert 6 == 3
E        +  where 6 = suma(1, 5)

tests\test_suma.py:14: AssertionError</failure></testcase></testsuite></testsuites>